/*C4*/SET SCHEMA PUBLIC
DISCONNECT
/*C1*/SET SCHEMA SYSTEM_LOBS
INSERT INTO LOB_IDS VALUES(1,38942,0,40)
ALTER SEQUENCE SYSTEM_LOBS.LOB_ID RESTART WITH 2
COMMIT
DELETE FROM BLOCKS WHERE BLOCK_ADDR=0
INSERT INTO BLOCKS VALUES(0,3,0)
INSERT INTO BLOCKS VALUES(3,2147483644,0)
DELETE FROM BLOCKS WHERE BLOCK_ADDR=0
INSERT INTO LOBS VALUES(0,3,0,1)
COMMIT
/*C5*/SET SCHEMA PUBLIC
INSERT INTO CPA VALUES('cpaStubEBF.rm.https.signed',1)
SET SCHEMA SYSTEM_LOBS
DELETE FROM LOB_IDS WHERE LOB_ID=1
INSERT INTO LOB_IDS VALUES(1,38942,1,40)
COMMIT
/*C6*/SET SCHEMA PUBLIC
INSERT INTO URL VALUES('https://localhost:8088/overheidStub','https://overheid:8443/ebms')
COMMIT
